/*C2*/SET SCHEMA PUBLIC
DELETE FROM SUPPORT_FORMATION WHERE IDSUPPORTFORMATION=2
COMMIT
DELETE FROM PROFILS WHERE IDPROFIL=3
INSERT INTO PROFILS VALUES(3,'Tech Toyota MH','Technicien Toyota MH')
INSERT INTO PROFIL_COMPETENCE VALUES(1,3)
INSERT INTO PROFIL_COMPETENCE VALUES(2,3)
INSERT INTO PROFIL_COMPETENCE VALUES(4,3)
DELETE FROM PROFIL_COMPETENCE WHERE COMPETENCE=1 AND PROFIL=3
DELETE FROM PROFIL_COMPETENCE WHERE COMPETENCE=2 AND PROFIL=3
DELETE FROM PROFIL_COMPETENCE WHERE COMPETENCE=4 AND PROFIL=3
INSERT INTO PROFIL_COMPETENCE VALUES(1,3)
INSERT INTO PROFIL_COMPETENCE VALUES(2,3)
INSERT INTO PROFIL_COMPETENCE VALUES(4,3)
COMMIT
/*C3*/SET SCHEMA PUBLIC
DELETE FROM PROFILS WHERE IDPROFIL=1
INSERT INTO PROFILS VALUES(1,'Tech RT','Technicien Renault Trucks')
INSERT INTO PROFIL_COMPETENCE VALUES(1,1)
INSERT INTO PROFIL_COMPETENCE VALUES(2,1)
INSERT INTO PROFIL_COMPETENCE VALUES(3,1)
DELETE FROM PROFIL_COMPETENCE WHERE COMPETENCE=1 AND PROFIL=1
DELETE FROM PROFIL_COMPETENCE WHERE COMPETENCE=2 AND PROFIL=1
DELETE FROM PROFIL_COMPETENCE WHERE COMPETENCE=3 AND PROFIL=1
INSERT INTO PROFIL_COMPETENCE VALUES(1,1)
INSERT INTO PROFIL_COMPETENCE VALUES(2,1)
INSERT INTO PROFIL_COMPETENCE VALUES(3,1)
COMMIT
